0 info it worked if it ends with ok
1 verbose cli [ '/usr/local/Cellar/node/0.10.22/bin/node',
1 verbose cli   '/usr/local/bin/npm',
1 verbose cli   'install',
1 verbose cli   'angular-mocks' ]
2 info using npm@1.3.14
3 info using node@v0.10.22
4 verbose readDependencies using package.json deps
5 verbose cache add [ 'angular-mocks', null ]
6 verbose cache add name=undefined spec="angular-mocks" args=["angular-mocks",null]
7 verbose parsed url { protocol: null,
7 verbose parsed url   slashes: null,
7 verbose parsed url   auth: null,
7 verbose parsed url   host: null,
7 verbose parsed url   port: null,
7 verbose parsed url   hostname: null,
7 verbose parsed url   hash: null,
7 verbose parsed url   search: null,
7 verbose parsed url   query: null,
7 verbose parsed url   pathname: 'angular-mocks',
7 verbose parsed url   path: 'angular-mocks',
7 verbose parsed url   href: 'angular-mocks' }
8 silly lockFile 8931440b-angular-mocks angular-mocks
9 verbose lock angular-mocks /Users/EagleClaw/.npm/8931440b-angular-mocks.lock
10 silly lockFile 8931440b-angular-mocks angular-mocks
11 silly lockFile 8931440b-angular-mocks angular-mocks
12 verbose addNamed [ 'angular-mocks', '' ]
13 verbose addNamed [ null, '*' ]
14 silly lockFile e61b77e9-angular-mocks angular-mocks@
15 verbose lock angular-mocks@ /Users/EagleClaw/.npm/e61b77e9-angular-mocks.lock
16 silly addNameRange { name: 'angular-mocks', range: '*', hasData: false }
17 verbose url raw angular-mocks
18 verbose url resolving [ 'https://registry.npmjs.org/', './angular-mocks' ]
19 verbose url resolved https://registry.npmjs.org/angular-mocks
20 info trying registry request attempt 1 at 13:39:36
21 http GET https://registry.npmjs.org/angular-mocks
22 http 404 https://registry.npmjs.org/angular-mocks
23 silly registry.get cb [ 404,
23 silly registry.get   { date: 'Fri, 21 Feb 2014 21:39:30 GMT',
23 silly registry.get     server: 'CouchDB/1.5.0 (Erlang OTP/R16B)',
23 silly registry.get     'content-type': 'application/json',
23 silly registry.get     via: '1.1 varnish',
23 silly registry.get     'cache-control': 'max-age=0',
23 silly registry.get     'content-length': '52',
23 silly registry.get     'accept-ranges': 'bytes',
23 silly registry.get     age: '0',
23 silly registry.get     'x-served-by': 'cache-v42-ASH, cache-lax1428-LAX',
23 silly registry.get     'x-cache': 'MISS, MISS',
23 silly registry.get     'x-cache-hits': '0, 0',
23 silly registry.get     'x-timer': 'S1393018770.654248714,VS0,VS27,VE107,VE145',
23 silly registry.get     'keep-alive': 'timeout=10, max=50',
23 silly registry.get     connection: 'Keep-Alive' } ]
24 silly lockFile e61b77e9-angular-mocks angular-mocks@
25 silly lockFile e61b77e9-angular-mocks angular-mocks@
26 error 404 'angular-mocks' is not in the npm registry.
26 error 404 You should bug the author to publish it
26 error 404
26 error 404 Note that you can also install from a
26 error 404 tarball, folder, or http url, or git url.
27 error System Darwin 13.0.0
28 error command "/usr/local/Cellar/node/0.10.22/bin/node" "/usr/local/bin/npm" "install" "angular-mocks"
29 error cwd /Users/EagleClaw/Documents/Repository/enerfeel/public
30 error node -v v0.10.22
31 error npm -v 1.3.14
32 error code E404
33 verbose exit [ 1, true ]
